{"C:\\Users\\dportella\\Documents\\Api_alura\\src\\app.ts": {"path":"C:\\Users\\dportella\\Documents\\Api_alura\\src\\app.ts","statementMap":{"0":{"start":{"line":1,"column":0},"end":{"line":1,"column":43}},"1":{"start":{"line":2,"column":0},"end":{"line":2,"column":43}},"2":{"start":{"line":3,"column":0},"end":{"line":3,"column":36}},"3":{"start":{"line":4,"column":0},"end":{"line":4,"column":54}},"4":{"start":{"line":5,"column":0},"end":{"line":5,"column":60}},"5":{"start":{"line":7,"column":21},"end":{"line":7,"column":30}},"6":{"start":{"line":9,"column":0},"end":{"line":9,"column":24}},"7":{"start":{"line":11,"column":0},"end":{"line":20,"column":5}},"8":{"start":{"line":11,"column":12},"end":{"line":20,"column":2}},"9":{"start":{"line":12,"column":2},"end":{"line":19,"column":3}},"10":{"start":{"line":13,"column":4},"end":{"line":13,"column":35}},"11":{"start":{"line":14,"column":4},"end":{"line":14,"column":67}},"12":{"start":{"line":18,"column":4},"end":{"line":18,"column":61}},"13":{"start":{"line":22,"column":0},"end":{"line":22,"column":12}},"14":{"start":{"line":24,"column":0},"end":{"line":24,"column":25}},"15":{"start":{"line":25,"column":0},"end":{"line":25,"column":22}},"16":{"start":{"line":27,"column":0},"end":{"line":27,"column":19}}},"fnMap":{"0":{"name":"(anonymous_8)","decl":{"start":{"line":11,"column":1},"end":{"line":11,"column":10}},"loc":{"start":{"line":11,"column":12},"end":{"line":20,"column":2}}},"1":{"name":"(anonymous_9)","decl":{"start":{"line":11,"column":12},"end":{"line":11,"column":null}},"loc":{"start":{"line":11,"column":12},"end":{"line":20,"column":1}}}},"branchMap":{},"s":{"0":1,"1":1,"2":1,"3":1,"4":1,"5":1,"6":1,"7":1,"8":1,"9":1,"10":1,"11":1,"12":0,"13":1,"14":1,"15":1,"16":1},"f":{"0":1,"1":1},"b":{}}
,"C:\\Users\\dportella\\Documents\\Api_alura\\src\\controllers\\UserController.ts": {"path":"C:\\Users\\dportella\\Documents\\Api_alura\\src\\controllers\\UserController.ts","statementMap":{"0":{"start":{"line":2,"column":0},"end":{"line":2,"column":47}},"1":{"start":{"line":3,"column":0},"end":{"line":3,"column":43}},"2":{"start":{"line":4,"column":0},"end":{"line":4,"column":49}},"3":{"start":{"line":5,"column":0},"end":{"line":5,"column":47}},"4":{"start":{"line":6,"column":0},"end":{"line":6,"column":47}},"5":{"start":{"line":10,"column":11},"end":{"line":24,"column":6}},"6":{"start":{"line":10,"column":81},"end":{"line":24,"column":6}},"7":{"start":{"line":11,"column":8},"end":{"line":23,"column":9}},"8":{"start":{"line":13,"column":27},"end":{"line":18,"column":14}},"9":{"start":{"line":20,"column":12},"end":{"line":20,"column":41}},"10":{"start":{"line":22,"column":12},"end":{"line":22,"column":24}},"11":{"start":{"line":26,"column":11},"end":{"line":33,"column":6}},"12":{"start":{"line":26,"column":83},"end":{"line":33,"column":6}},"13":{"start":{"line":27,"column":8},"end":{"line":32,"column":9}},"14":{"start":{"line":28,"column":25},"end":{"line":28,"column":69}},"15":{"start":{"line":29,"column":12},"end":{"line":29,"column":39}},"16":{"start":{"line":31,"column":12},"end":{"line":31,"column":24}},"17":{"start":{"line":35,"column":11},"end":{"line":42,"column":6}},"18":{"start":{"line":35,"column":84},"end":{"line":42,"column":6}},"19":{"start":{"line":36,"column":8},"end":{"line":41,"column":9}},"20":{"start":{"line":37,"column":28},"end":{"line":37,"column":58}},"21":{"start":{"line":38,"column":12},"end":{"line":38,"column":90}},"22":{"start":{"line":40,"column":12},"end":{"line":40,"column":24}},"23":{"start":{"line":44,"column":11},"end":{"line":51,"column":6}},"24":{"start":{"line":44,"column":82},"end":{"line":51,"column":6}},"25":{"start":{"line":45,"column":8},"end":{"line":50,"column":9}},"26":{"start":{"line":46,"column":29},"end":{"line":46,"column":82}},"27":{"start":{"line":47,"column":12},"end":{"line":47,"column":43}},"28":{"start":{"line":49,"column":12},"end":{"line":49,"column":24}},"29":{"start":{"line":53,"column":11},"end":{"line":60,"column":6}},"30":{"start":{"line":53,"column":82},"end":{"line":60,"column":6}},"31":{"start":{"line":54,"column":8},"end":{"line":59,"column":9}},"32":{"start":{"line":55,"column":29},"end":{"line":55,"column":72}},"33":{"start":{"line":56,"column":12},"end":{"line":56,"column":43}},"34":{"start":{"line":58,"column":12},"end":{"line":58,"column":24}},"35":{"start":{"line":63,"column":0},"end":{"line":63,"column":30}}},"fnMap":{"0":{"name":"(anonymous_8)","decl":{"start":{"line":10,"column":23},"end":{"line":10,"column":30}},"loc":{"start":{"line":10,"column":81},"end":{"line":24,"column":6}}},"1":{"name":"(anonymous_9)","decl":{"start":{"line":10,"column":81},"end":{"line":10,"column":null}},"loc":{"start":{"line":10,"column":81},"end":{"line":24,"column":5}}},"2":{"name":"(anonymous_10)","decl":{"start":{"line":26,"column":25},"end":{"line":26,"column":32}},"loc":{"start":{"line":26,"column":83},"end":{"line":33,"column":6}}},"3":{"name":"(anonymous_11)","decl":{"start":{"line":26,"column":83},"end":{"line":26,"column":null}},"loc":{"start":{"line":26,"column":83},"end":{"line":33,"column":5}}},"4":{"name":"(anonymous_12)","decl":{"start":{"line":35,"column":26},"end":{"line":35,"column":33}},"loc":{"start":{"line":35,"column":84},"end":{"line":42,"column":6}}},"5":{"name":"(anonymous_13)","decl":{"start":{"line":35,"column":84},"end":{"line":35,"column":null}},"loc":{"start":{"line":35,"column":84},"end":{"line":42,"column":5}}},"6":{"name":"(anonymous_14)","decl":{"start":{"line":44,"column":24},"end":{"line":44,"column":31}},"loc":{"start":{"line":44,"column":82},"end":{"line":51,"column":6}}},"7":{"name":"(anonymous_15)","decl":{"start":{"line":44,"column":82},"end":{"line":44,"column":null}},"loc":{"start":{"line":44,"column":82},"end":{"line":51,"column":5}}},"8":{"name":"(anonymous_16)","decl":{"start":{"line":53,"column":24},"end":{"line":53,"column":31}},"loc":{"start":{"line":53,"column":82},"end":{"line":60,"column":6}}},"9":{"name":"(anonymous_17)","decl":{"start":{"line":53,"column":82},"end":{"line":53,"column":null}},"loc":{"start":{"line":53,"column":82},"end":{"line":60,"column":5}}}},"branchMap":{"0":{"loc":{"start":{"line":15,"column":22},"end":{"line":15,"column":65}},"type":"cond-expr","locations":[{"start":{"line":15,"column":39},"end":{"line":15,"column":61}},{"start":{"line":15,"column":64},"end":{"line":15,"column":65}}]},"1":{"loc":{"start":{"line":16,"column":23},"end":{"line":16,"column":68}},"type":"cond-expr","locations":[{"start":{"line":16,"column":41},"end":{"line":16,"column":64}},{"start":{"line":16,"column":67},"end":{"line":16,"column":68}}]},"2":{"loc":{"start":{"line":17,"column":23},"end":{"line":17,"column":74}},"type":"cond-expr","locations":[{"start":{"line":17,"column":41},"end":{"line":17,"column":64}},{"start":{"line":17,"column":67},"end":{"line":17,"column":74}}]}},"s":{"0":1,"1":1,"2":1,"3":1,"4":1,"5":1,"6":1,"7":1,"8":1,"9":1,"10":0,"11":1,"12":3,"13":3,"14":3,"15":2,"16":1,"17":1,"18":2,"19":2,"20":2,"21":1,"22":1,"23":1,"24":1,"25":1,"26":1,"27":1,"28":0,"29":1,"30":1,"31":1,"32":1,"33":1,"34":0,"35":1},"f":{"0":1,"1":1,"2":3,"3":3,"4":2,"5":2,"6":1,"7":1,"8":1,"9":1},"b":{"0":[0,1],"1":[0,1],"2":[0,1]}}
,"C:\\Users\\dportella\\Documents\\Api_alura\\src\\database\\config.js": {"path":"C:\\Users\\dportella\\Documents\\Api_alura\\src\\database\\config.js","statementMap":{"0":{"start":{"line":1,"column":0},"end":{"line":1,"column":27}},"1":{"start":{"line":3,"column":0},"end":{"line":15,"column":2}}},"fnMap":{},"branchMap":{"0":{"loc":{"start":{"line":5,"column":8},"end":{"line":5,"column":42}},"type":"binary-expr","locations":[{"start":{"line":5,"column":8},"end":{"line":5,"column":27}},{"start":{"line":5,"column":31},"end":{"line":5,"column":42}}],"line":5},"1":{"loc":{"start":{"line":6,"column":8},"end":{"line":6,"column":43}},"type":"binary-expr","locations":[{"start":{"line":6,"column":8},"end":{"line":6,"column":35}},{"start":{"line":6,"column":39},"end":{"line":6,"column":43}}],"line":6}},"s":{"0":1,"1":1},"f":{},"b":{"0":[1,0],"1":[1,0]},"inputSourceMap":null,"_coverageSchema":"1a1c01bbd47fc00a2c39e90264f33305004495a9","hash":"a8cfb9708df7710b71c1eeee6db0dde1bc74fa20"}
,"C:\\Users\\dportella\\Documents\\Api_alura\\src\\errors\\BadRequestError.ts": {"path":"C:\\Users\\dportella\\Documents\\Api_alura\\src\\errors\\BadRequestError.ts","statementMap":{"0":{"start":{"line":1,"column":0},"end":{"line":1,"column":36}},"1":{"start":{"line":5,"column":8},"end":{"line":5,"column":28}},"2":{"start":{"line":9,"column":0},"end":{"line":9,"column":31}}},"fnMap":{"0":{"name":"(anonymous_1)","decl":{"start":{"line":4,"column":4},"end":{"line":4,"column":16}},"loc":{"start":{"line":4,"column":75},"end":{"line":6,"column":5}}}},"branchMap":{"0":{"loc":{"start":{"line":4,"column":16},"end":{"line":4,"column":75}},"type":"default-arg","locations":[{"start":{"line":4,"column":34},"end":{"line":4,"column":75}}]}},"s":{"0":2,"1":2,"2":2},"f":{"0":2},"b":{"0":[0]}}
,"C:\\Users\\dportella\\Documents\\Api_alura\\src\\errors\\BaseError.ts": {"path":"C:\\Users\\dportella\\Documents\\Api_alura\\src\\errors\\BaseError.ts","statementMap":{"0":{"start":{"line":8,"column":8},"end":{"line":8,"column":16}},"1":{"start":{"line":9,"column":8},"end":{"line":9,"column":31}},"2":{"start":{"line":10,"column":8},"end":{"line":10,"column":29}},"3":{"start":{"line":14,"column":8},"end":{"line":17,"column":11}},"4":{"start":{"line":21,"column":0},"end":{"line":21,"column":25}}},"fnMap":{"0":{"name":"(anonymous_0)","decl":{"start":{"line":7,"column":4},"end":{"line":7,"column":16}},"loc":{"start":{"line":7,"column":79},"end":{"line":11,"column":5}}},"1":{"name":"(anonymous_1)","decl":{"start":{"line":13,"column":11},"end":{"line":13,"column":23}},"loc":{"start":{"line":13,"column":37},"end":{"line":18,"column":5}}}},"branchMap":{"0":{"loc":{"start":{"line":7,"column":16},"end":{"line":7,"column":57}},"type":"default-arg","locations":[{"start":{"line":7,"column":34},"end":{"line":7,"column":57}}]},"1":{"loc":{"start":{"line":7,"column":59},"end":{"line":7,"column":79}},"type":"default-arg","locations":[{"start":{"line":7,"column":76},"end":{"line":7,"column":79}}]}},"s":{"0":6,"1":6,"2":6,"3":2,"4":5},"f":{"0":6,"1":2},"b":{"0":[0],"1":[0]}}
,"C:\\Users\\dportella\\Documents\\Api_alura\\src\\errors\\NotFoundError.ts": {"path":"C:\\Users\\dportella\\Documents\\Api_alura\\src\\errors\\NotFoundError.ts","statementMap":{"0":{"start":{"line":1,"column":0},"end":{"line":1,"column":36}},"1":{"start":{"line":5,"column":8},"end":{"line":5,"column":28}},"2":{"start":{"line":9,"column":0},"end":{"line":9,"column":29}}},"fnMap":{"0":{"name":"(anonymous_1)","decl":{"start":{"line":4,"column":4},"end":{"line":4,"column":16}},"loc":{"start":{"line":4,"column":50},"end":{"line":6,"column":5}}}},"branchMap":{"0":{"loc":{"start":{"line":4,"column":16},"end":{"line":4,"column":50}},"type":"default-arg","locations":[{"start":{"line":4,"column":34},"end":{"line":4,"column":50}}]}},"s":{"0":4,"1":4,"2":4},"f":{"0":4},"b":{"0":[0]}}
,"C:\\Users\\dportella\\Documents\\Api_alura\\src\\middlewares\\errorHandler.ts": {"path":"C:\\Users\\dportella\\Documents\\Api_alura\\src\\middlewares\\errorHandler.ts","statementMap":{"0":{"start":{"line":2,"column":0},"end":{"line":2,"column":115}},"1":{"start":{"line":3,"column":0},"end":{"line":3,"column":44}},"2":{"start":{"line":4,"column":0},"end":{"line":4,"column":56}},"3":{"start":{"line":9,"column":4},"end":{"line":13,"column":5}},"4":{"start":{"line":10,"column":30},"end":{"line":10,"column":77}},"5":{"start":{"line":10,"column":54},"end":{"line":10,"column":65}},"6":{"start":{"line":11,"column":8},"end":{"line":11,"column":85}},"7":{"start":{"line":12,"column":8},"end":{"line":12,"column":15}},"8":{"start":{"line":15,"column":4},"end":{"line":24,"column":5}},"9":{"start":{"line":16,"column":29},"end":{"line":16,"column":49}},"10":{"start":{"line":18,"column":8},"end":{"line":22,"column":9}},"11":{"start":{"line":19,"column":13},"end":{"line":19,"column":86}},"12":{"start":{"line":21,"column":12},"end":{"line":21,"column":80}},"13":{"start":{"line":23,"column":8},"end":{"line":23,"column":15}},"14":{"start":{"line":26,"column":4},"end":{"line":29,"column":5}},"15":{"start":{"line":27,"column":8},"end":{"line":27,"column":32}},"16":{"start":{"line":28,"column":8},"end":{"line":28,"column":15}},"17":{"start":{"line":31,"column":4},"end":{"line":34,"column":5}},"18":{"start":{"line":32,"column":8},"end":{"line":32,"column":95}},"19":{"start":{"line":33,"column":8},"end":{"line":33,"column":15}},"20":{"start":{"line":36,"column":4},"end":{"line":36,"column":25}},"21":{"start":{"line":37,"column":4},"end":{"line":37,"column":38}},"22":{"start":{"line":40,"column":0},"end":{"line":40,"column":28}}},"fnMap":{"0":{"name":"errorHandler","decl":{"start":{"line":7,"column":9},"end":{"line":7,"column":21}},"loc":{"start":{"line":7,"column":85},"end":{"line":38,"column":1}}},"1":{"name":"(anonymous_2)","decl":{"start":{"line":10,"column":47},"end":{"line":10,"column":50}},"loc":{"start":{"line":10,"column":54},"end":{"line":10,"column":65}}}},"branchMap":{"0":{"loc":{"start":{"line":9,"column":4},"end":{"line":13,"column":5}},"type":"if","locations":[{"start":{"line":9,"column":4},"end":{"line":13,"column":5}},{"start":{},"end":{}}]},"1":{"loc":{"start":{"line":9,"column":8},"end":{"line":9,"column":82}},"type":"binary-expr","locations":[{"start":{"line":9,"column":8},"end":{"line":9,"column":40}},{"start":{"line":9,"column":44},"end":{"line":9,"column":82}}]},"2":{"loc":{"start":{"line":15,"column":4},"end":{"line":24,"column":5}},"type":"if","locations":[{"start":{"line":15,"column":4},"end":{"line":24,"column":5}},{"start":{},"end":{}}]},"3":{"loc":{"start":{"line":18,"column":8},"end":{"line":22,"column":9}},"type":"if","locations":[{"start":{"line":18,"column":8},"end":{"line":22,"column":9}},{"start":{"line":20,"column":15},"end":{"line":22,"column":9}}]},"4":{"loc":{"start":{"line":18,"column":12},"end":{"line":18,"column":55}},"type":"binary-expr","locations":[{"start":{"line":18,"column":12},"end":{"line":18,"column":23}},{"start":{"line":18,"column":27},"end":{"line":18,"column":55}}]},"5":{"loc":{"start":{"line":26,"column":4},"end":{"line":29,"column":5}},"type":"if","locations":[{"start":{"line":26,"column":4},"end":{"line":29,"column":5}},{"start":{},"end":{}}]},"6":{"loc":{"start":{"line":31,"column":4},"end":{"line":34,"column":5}},"type":"if","locations":[{"start":{"line":31,"column":4},"end":{"line":34,"column":5}},{"start":{},"end":{}}]}},"s":{"0":1,"1":1,"2":1,"3":2,"4":0,"5":0,"6":0,"7":0,"8":2,"9":0,"10":0,"11":0,"12":0,"13":0,"14":2,"15":2,"16":2,"17":0,"18":0,"19":0,"20":0,"21":0,"22":1},"f":{"0":2,"1":0},"b":{"0":[0,2],"1":[2,2],"2":[0,2],"3":[0,0],"4":[0,0],"5":[2,0],"6":[0,0]}}
,"C:\\Users\\dportella\\Documents\\Api_alura\\src\\middlewares\\notFoundHandler.ts": {"path":"C:\\Users\\dportella\\Documents\\Api_alura\\src\\middlewares\\notFoundHandler.ts","statementMap":{"0":{"start":{"line":2,"column":0},"end":{"line":2,"column":52}},"1":{"start":{"line":5,"column":21},"end":{"line":5,"column":40}},"2":{"start":{"line":6,"column":4},"end":{"line":6,"column":19}},"3":{"start":{"line":9,"column":0},"end":{"line":9,"column":31}}},"fnMap":{"0":{"name":"notFoundHandler","decl":{"start":{"line":4,"column":9},"end":{"line":4,"column":24}},"loc":{"start":{"line":4,"column":72},"end":{"line":7,"column":1}}}},"branchMap":{},"s":{"0":1,"1":0,"2":0,"3":1},"f":{"0":0},"b":{}}
,"C:\\Users\\dportella\\Documents\\Api_alura\\src\\middlewares\\validate.ts": {"path":"C:\\Users\\dportella\\Documents\\Api_alura\\src\\middlewares\\validate.ts","statementMap":{"0":{"start":{"line":3,"column":0},"end":{"line":3,"column":56}},"1":{"start":{"line":5,"column":24},"end":{"line":17,"column":1}},"2":{"start":{"line":6,"column":2},"end":{"line":16,"column":4}},"3":{"start":{"line":7,"column":22},"end":{"line":7,"column":70}},"4":{"start":{"line":9,"column":4},"end":{"line":13,"column":5}},"5":{"start":{"line":10,"column":28},"end":{"line":10,"column":82}},"6":{"start":{"line":10,"column":56},"end":{"line":10,"column":70}},"7":{"start":{"line":11,"column":6},"end":{"line":11,"column":47}},"8":{"start":{"line":12,"column":6},"end":{"line":12,"column":13}},"9":{"start":{"line":15,"column":4},"end":{"line":15,"column":11}},"10":{"start":{"line":5,"column":13},"end":{"line":5,"column":24}}},"fnMap":{"0":{"name":"(anonymous_1)","decl":{"start":{"line":5,"column":24},"end":{"line":5,"column":25}},"loc":{"start":{"line":5,"column":43},"end":{"line":17,"column":1}}},"1":{"name":"(anonymous_2)","decl":{"start":{"line":6,"column":9},"end":{"line":6,"column":10}},"loc":{"start":{"line":6,"column":61},"end":{"line":16,"column":3}}},"2":{"name":"(anonymous_3)","decl":{"start":{"line":10,"column":46},"end":{"line":10,"column":52}},"loc":{"start":{"line":10,"column":56},"end":{"line":10,"column":70}}}},"branchMap":{"0":{"loc":{"start":{"line":9,"column":4},"end":{"line":13,"column":5}},"type":"if","locations":[{"start":{"line":9,"column":4},"end":{"line":13,"column":5}},{"start":{},"end":{}}]}},"s":{"0":1,"1":1,"2":2,"3":3,"4":3,"5":0,"6":0,"7":0,"8":0,"9":3,"10":1},"f":{"0":2,"1":3,"2":0},"b":{"0":[0,3]}}
,"C:\\Users\\dportella\\Documents\\Api_alura\\src\\models\\User.ts": {"path":"C:\\Users\\dportella\\Documents\\Api_alura\\src\\models\\User.ts","statementMap":{"0":{"start":{"line":1,"column":0},"end":{"line":1,"column":66}},"1":{"start":{"line":26,"column":4},"end":{"line":59,"column":7}},"2":{"start":{"line":60,"column":4},"end":{"line":60,"column":16}},"3":{"start":{"line":64,"column":0},"end":{"line":64,"column":20}}},"fnMap":{"0":{"name":"(anonymous_0)","decl":{"start":{"line":25,"column":2},"end":{"line":25,"column":8}},"loc":{"start":{"line":25,"column":39},"end":{"line":61,"column":3}}}},"branchMap":{},"s":{"0":6,"1":1,"2":1,"3":6},"f":{"0":1},"b":{}}
,"C:\\Users\\dportella\\Documents\\Api_alura\\src\\models\\index.ts": {"path":"C:\\Users\\dportella\\Documents\\Api_alura\\src\\models\\index.ts","statementMap":{"0":{"start":{"line":1,"column":0},"end":{"line":1,"column":38}},"1":{"start":{"line":2,"column":0},"end":{"line":2,"column":26}},"2":{"start":{"line":4,"column":23},"end":{"line":4,"column":52}},"3":{"start":{"line":6,"column":18},"end":{"line":6,"column":47}},"4":{"start":{"line":10,"column":9},"end":{"line":10,"column":18}},"5":{"start":{"line":8,"column":0},"end":{"line":8,"column":26}},"6":{"start":{"line":11,"column":0},"end":{"line":11,"column":20}}},"fnMap":{},"branchMap":{},"s":{"0":1,"1":1,"2":1,"3":1,"4":1,"5":1,"6":1},"f":{},"b":{}}
,"C:\\Users\\dportella\\Documents\\Api_alura\\src\\repositories\\UserRepository.ts": {"path":"C:\\Users\\dportella\\Documents\\Api_alura\\src\\repositories\\UserRepository.ts","statementMap":{"0":{"start":{"line":1,"column":0},"end":{"line":1,"column":62}},"1":{"start":{"line":7,"column":4},"end":{"line":7,"column":39}},"2":{"start":{"line":11,"column":4},"end":{"line":11,"column":47}},"3":{"start":{"line":15,"column":4},"end":{"line":15,"column":35}},"4":{"start":{"line":19,"column":4},"end":{"line":19,"column":52}},"5":{"start":{"line":24,"column":4},"end":{"line":26,"column":7}},"6":{"start":{"line":30,"column":4},"end":{"line":32,"column":7}},"7":{"start":{"line":36,"column":0},"end":{"line":36,"column":36}}},"fnMap":{"0":{"name":"(anonymous_8)","decl":{"start":{"line":6,"column":8},"end":{"line":6,"column":14}},"loc":{"start":{"line":6,"column":47},"end":{"line":8,"column":null}}},"1":{"name":"(anonymous_10)","decl":{"start":{"line":10,"column":8},"end":{"line":10,"column":15}},"loc":{"start":{"line":10,"column":36},"end":{"line":12,"column":null}}},"2":{"name":"(anonymous_12)","decl":{"start":{"line":14,"column":8},"end":{"line":14,"column":16}},"loc":{"start":{"line":14,"column":27},"end":{"line":16,"column":null}}},"3":{"name":"(anonymous_14)","decl":{"start":{"line":18,"column":8},"end":{"line":18,"column":19}},"loc":{"start":{"line":18,"column":33},"end":{"line":20,"column":null}}},"4":{"name":"(anonymous_16)","decl":{"start":{"line":23,"column":8},"end":{"line":23,"column":14}},"loc":{"start":{"line":23,"column":71},"end":{"line":27,"column":null}}},"5":{"name":"(anonymous_18)","decl":{"start":{"line":29,"column":8},"end":{"line":29,"column":14}},"loc":{"start":{"line":29,"column":25},"end":{"line":33,"column":null}}}},"branchMap":{},"s":{"0":6,"1":1,"2":1,"3":4,"4":2,"5":1,"6":1,"7":6},"f":{"0":1,"1":1,"2":4,"3":2,"4":1,"5":1},"b":{}}
,"C:\\Users\\dportella\\Documents\\Api_alura\\src\\routes\\index.ts": {"path":"C:\\Users\\dportella\\Documents\\Api_alura\\src\\routes\\index.ts","statementMap":{"0":{"start":{"line":1,"column":0},"end":{"line":1,"column":62}},"1":{"start":{"line":2,"column":0},"end":{"line":2,"column":38}},"2":{"start":{"line":4,"column":15},"end":{"line":10,"column":1}},"3":{"start":{"line":5,"column":4},"end":{"line":7,"column":7}},"4":{"start":{"line":6,"column":8},"end":{"line":6,"column":54}},"5":{"start":{"line":9,"column":4},"end":{"line":9,"column":40}},"6":{"start":{"line":12,"column":0},"end":{"line":12,"column":22}}},"fnMap":{"0":{"name":"(anonymous_1)","decl":{"start":{"line":4,"column":15},"end":{"line":4,"column":16}},"loc":{"start":{"line":4,"column":32},"end":{"line":10,"column":1}}},"1":{"name":"(anonymous_2)","decl":{"start":{"line":5,"column":23},"end":{"line":5,"column":24}},"loc":{"start":{"line":5,"column":55},"end":{"line":7,"column":5}}}},"branchMap":{},"s":{"0":1,"1":1,"2":1,"3":1,"4":0,"5":1,"6":1},"f":{"0":1,"1":0},"b":{}}
,"C:\\Users\\dportella\\Documents\\Api_alura\\src\\routes\\userRoutes.ts": {"path":"C:\\Users\\dportella\\Documents\\Api_alura\\src\\routes\\userRoutes.ts","statementMap":{"0":{"start":{"line":1,"column":0},"end":{"line":1,"column":33}},"1":{"start":{"line":2,"column":0},"end":{"line":2,"column":59}},"2":{"start":{"line":3,"column":0},"end":{"line":3,"column":51}},"3":{"start":{"line":4,"column":0},"end":{"line":4,"column":69}},"4":{"start":{"line":6,"column":15},"end":{"line":6,"column":23}},"5":{"start":{"line":8,"column":0},"end":{"line":13,"column":53}},"6":{"start":{"line":15,"column":0},"end":{"line":15,"column":22}}},"fnMap":{},"branchMap":{},"s":{"0":1,"1":1,"2":1,"3":1,"4":1,"5":1,"6":1},"f":{},"b":{}}
,"C:\\Users\\dportella\\Documents\\Api_alura\\src\\schemas\\userSchema.ts": {"path":"C:\\Users\\dportella\\Documents\\Api_alura\\src\\schemas\\userSchema.ts","statementMap":{"0":{"start":{"line":1,"column":0},"end":{"line":1,"column":22}},"1":{"start":{"line":3,"column":13},"end":{"line":21,"column":3}},"2":{"start":{"line":23,"column":13},"end":{"line":26,"column":2}},"3":{"start":{"line":25,"column":16},"end":{"line":25,"column":33}}},"fnMap":{"0":{"name":"(anonymous_1)","decl":{"start":{"line":25,"column":4},"end":{"line":25,"column":5}},"loc":{"start":{"line":25,"column":16},"end":{"line":25,"column":33}}}},"branchMap":{},"s":{"0":1,"1":1,"2":1,"3":3},"f":{"0":3},"b":{}}
,"C:\\Users\\dportella\\Documents\\Api_alura\\src\\use-cases\\users\\Create.ts": {"path":"C:\\Users\\dportella\\Documents\\Api_alura\\src\\use-cases\\users\\Create.ts","statementMap":{"0":{"start":{"line":1,"column":0},"end":{"line":1,"column":63}},"1":{"start":{"line":2,"column":0},"end":{"line":2,"column":59}},"2":{"start":{"line":7,"column":23},"end":{"line":7,"column":67}},"3":{"start":{"line":9,"column":4},"end":{"line":11,"column":5}},"4":{"start":{"line":10,"column":6},"end":{"line":10,"column":57}},"5":{"start":{"line":13,"column":20},"end":{"line":13,"column":53}},"6":{"start":{"line":15,"column":4},"end":{"line":15,"column":19}},"7":{"start":{"line":19,"column":0},"end":{"line":19,"column":28}}},"fnMap":{"0":{"name":"(anonymous_8)","decl":{"start":{"line":6,"column":8},"end":{"line":6,"column":15}},"loc":{"start":{"line":6,"column":44},"end":{"line":16,"column":null}}}},"branchMap":{"0":{"loc":{"start":{"line":9,"column":4},"end":{"line":11,"column":5}},"type":"if","locations":[{"start":{"line":9,"column":4},"end":{"line":11,"column":5}},{"start":{},"end":{}}]}},"s":{"0":2,"1":2,"2":4,"3":4,"4":2,"5":2,"6":2,"7":2},"f":{"0":4},"b":{"0":[2,2]}}
,"C:\\Users\\dportella\\Documents\\Api_alura\\src\\use-cases\\users\\Delete.ts": {"path":"C:\\Users\\dportella\\Documents\\Api_alura\\src\\use-cases\\users\\Delete.ts","statementMap":{"0":{"start":{"line":1,"column":0},"end":{"line":1,"column":63}},"1":{"start":{"line":2,"column":0},"end":{"line":2,"column":55}},"2":{"start":{"line":6,"column":24},"end":{"line":6,"column":55}},"3":{"start":{"line":8,"column":4},"end":{"line":10,"column":5}},"4":{"start":{"line":9,"column":8},"end":{"line":9,"column":54}},"5":{"start":{"line":12,"column":4},"end":{"line":12,"column":52}},"6":{"start":{"line":16,"column":0},"end":{"line":16,"column":28}}},"fnMap":{"0":{"name":"(anonymous_8)","decl":{"start":{"line":5,"column":8},"end":{"line":5,"column":15}},"loc":{"start":{"line":5,"column":26},"end":{"line":13,"column":null}}}},"branchMap":{"0":{"loc":{"start":{"line":8,"column":4},"end":{"line":10,"column":5}},"type":"if","locations":[{"start":{"line":8,"column":4},"end":{"line":10,"column":5}},{"start":{},"end":{}}]}},"s":{"0":2,"1":2,"2":3,"3":3,"4":1,"5":2,"6":2},"f":{"0":3},"b":{"0":[1,2]}}
,"C:\\Users\\dportella\\Documents\\Api_alura\\src\\use-cases\\users\\GetById.ts": {"path":"C:\\Users\\dportella\\Documents\\Api_alura\\src\\use-cases\\users\\GetById.ts","statementMap":{"0":{"start":{"line":1,"column":0},"end":{"line":1,"column":63}},"1":{"start":{"line":2,"column":0},"end":{"line":2,"column":55}},"2":{"start":{"line":6,"column":17},"end":{"line":6,"column":50}},"3":{"start":{"line":8,"column":4},"end":{"line":10,"column":5}},"4":{"start":{"line":9,"column":8},"end":{"line":9,"column":54}},"5":{"start":{"line":12,"column":4},"end":{"line":12,"column":16}},"6":{"start":{"line":16,"column":0},"end":{"line":16,"column":29}}},"fnMap":{"0":{"name":"(anonymous_8)","decl":{"start":{"line":5,"column":8},"end":{"line":5,"column":15}},"loc":{"start":{"line":5,"column":26},"end":{"line":13,"column":null}}}},"branchMap":{"0":{"loc":{"start":{"line":8,"column":4},"end":{"line":10,"column":5}},"type":"if","locations":[{"start":{"line":8,"column":4},"end":{"line":10,"column":5}},{"start":{},"end":{}}]}},"s":{"0":2,"1":2,"2":5,"3":5,"4":2,"5":3,"6":2},"f":{"0":5},"b":{"0":[2,3]}}
,"C:\\Users\\dportella\\Documents\\Api_alura\\src\\use-cases\\users\\List.ts": {"path":"C:\\Users\\dportella\\Documents\\Api_alura\\src\\use-cases\\users\\List.ts","statementMap":{"0":{"start":{"line":1,"column":0},"end":{"line":1,"column":63}},"1":{"start":{"line":2,"column":0},"end":{"line":2,"column":44}},"2":{"start":{"line":18,"column":16},"end":{"line":54,"column":null}},"3":{"start":{"line":19,"column":59},"end":{"line":19,"column":64}},"4":{"start":{"line":21,"column":23},"end":{"line":21,"column":25}},"5":{"start":{"line":23,"column":4},"end":{"line":23,"column":70}},"6":{"start":{"line":23,"column":19},"end":{"line":23,"column":70}},"7":{"start":{"line":24,"column":4},"end":{"line":24,"column":67}},"8":{"start":{"line":24,"column":18},"end":{"line":24,"column":67}},"9":{"start":{"line":25,"column":4},"end":{"line":25,"column":58}},"10":{"start":{"line":25,"column":15},"end":{"line":25,"column":58}},"11":{"start":{"line":27,"column":4},"end":{"line":31,"column":5}},"12":{"start":{"line":28,"column":8},"end":{"line":28,"column":23}},"13":{"start":{"line":29,"column":8},"end":{"line":29,"column":55}},"14":{"start":{"line":29,"column":20},"end":{"line":29,"column":55}},"15":{"start":{"line":30,"column":8},"end":{"line":30,"column":55}},"16":{"start":{"line":30,"column":20},"end":{"line":30,"column":55}},"17":{"start":{"line":33,"column":41},"end":{"line":33,"column":57}},"18":{"start":{"line":34,"column":22},"end":{"line":34,"column":62}},"19":{"start":{"line":36,"column":33},"end":{"line":41,"column":6}},"20":{"start":{"line":43,"column":28},"end":{"line":43,"column":65}},"21":{"start":{"line":45,"column":4},"end":{"line":53,"column":6}},"22":{"start":{"line":57,"column":0},"end":{"line":57,"column":26}}},"fnMap":{"0":{"name":"(anonymous_8)","decl":{"start":{"line":18,"column":8},"end":{"line":18,"column":15}},"loc":{"start":{"line":18,"column":15},"end":{"line":54,"column":null}}},"1":{"name":"(anonymous_9)","decl":{"start":{"line":18,"column":16},"end":{"line":18,"column":18}},"loc":{"start":{"line":18,"column":79},"end":{"line":54,"column":3}}}},"branchMap":{"0":{"loc":{"start":{"line":18,"column":25},"end":{"line":18,"column":33}},"type":"default-arg","locations":[{"start":{"line":18,"column":32},"end":{"line":18,"column":33}}]},"1":{"loc":{"start":{"line":18,"column":35},"end":{"line":18,"column":44}},"type":"default-arg","locations":[{"start":{"line":18,"column":43},"end":{"line":18,"column":44}}]},"2":{"loc":{"start":{"line":18,"column":46},"end":{"line":18,"column":61}},"type":"default-arg","locations":[{"start":{"line":18,"column":54},"end":{"line":18,"column":61}}]},"3":{"loc":{"start":{"line":23,"column":4},"end":{"line":23,"column":70}},"type":"if","locations":[{"start":{"line":23,"column":4},"end":{"line":23,"column":70}},{"start":{},"end":{}}]},"4":{"loc":{"start":{"line":24,"column":4},"end":{"line":24,"column":67}},"type":"if","locations":[{"start":{"line":24,"column":4},"end":{"line":24,"column":67}},{"start":{},"end":{}}]},"5":{"loc":{"start":{"line":25,"column":4},"end":{"line":25,"column":58}},"type":"if","locations":[{"start":{"line":25,"column":4},"end":{"line":25,"column":58}},{"start":{},"end":{}}]},"6":{"loc":{"start":{"line":27,"column":4},"end":{"line":31,"column":5}},"type":"if","locations":[{"start":{"line":27,"column":4},"end":{"line":31,"column":5}},{"start":{},"end":{}}]},"7":{"loc":{"start":{"line":27,"column":8},"end":{"line":27,"column":24}},"type":"binary-expr","locations":[{"start":{"line":27,"column":8},"end":{"line":27,"column":14}},{"start":{"line":27,"column":18},"end":{"line":27,"column":24}}]},"8":{"loc":{"start":{"line":29,"column":8},"end":{"line":29,"column":55}},"type":"if","locations":[{"start":{"line":29,"column":8},"end":{"line":29,"column":55}},{"start":{},"end":{}}]},"9":{"loc":{"start":{"line":30,"column":8},"end":{"line":30,"column":55}},"type":"if","locations":[{"start":{"line":30,"column":8},"end":{"line":30,"column":55}},{"start":{},"end":{}}]},"10":{"loc":{"start":{"line":34,"column":22},"end":{"line":34,"column":62}},"type":"cond-expr","locations":[{"start":{"line":34,"column":48},"end":{"line":34,"column":54}},{"start":{"line":34,"column":57},"end":{"line":34,"column":62}}]}},"s":{"0":2,"1":2,"2":6,"3":6,"4":6,"5":6,"6":1,"7":6,"8":1,"9":6,"10":1,"11":6,"12":2,"13":2,"14":1,"15":2,"16":1,"17":6,"18":6,"19":6,"20":6,"21":6,"22":2},"f":{"0":6,"1":6},"b":{"0":[5],"1":[5],"2":[4],"3":[1,5],"4":[1,5],"5":[1,5],"6":[2,4],"7":[6,5],"8":[1,1],"9":[1,1],"10":[5,1]}}
,"C:\\Users\\dportella\\Documents\\Api_alura\\src\\use-cases\\users\\Update.ts": {"path":"C:\\Users\\dportella\\Documents\\Api_alura\\src\\use-cases\\users\\Update.ts","statementMap":{"0":{"start":{"line":1,"column":0},"end":{"line":1,"column":63}},"1":{"start":{"line":2,"column":0},"end":{"line":2,"column":55}},"2":{"start":{"line":7,"column":17},"end":{"line":7,"column":50}},"3":{"start":{"line":9,"column":4},"end":{"line":11,"column":5}},"4":{"start":{"line":10,"column":8},"end":{"line":10,"column":54}},"5":{"start":{"line":13,"column":4},"end":{"line":13,"column":49}},"6":{"start":{"line":15,"column":4},"end":{"line":15,"column":52}},"7":{"start":{"line":19,"column":0},"end":{"line":19,"column":28}}},"fnMap":{"0":{"name":"(anonymous_8)","decl":{"start":{"line":6,"column":8},"end":{"line":6,"column":15}},"loc":{"start":{"line":6,"column":72},"end":{"line":16,"column":null}}}},"branchMap":{"0":{"loc":{"start":{"line":9,"column":4},"end":{"line":11,"column":5}},"type":"if","locations":[{"start":{"line":9,"column":4},"end":{"line":11,"column":5}},{"start":{},"end":{}}]}},"s":{"0":2,"1":2,"2":3,"3":3,"4":1,"5":2,"6":2,"7":2},"f":{"0":3},"b":{"0":[1,2]}}
}
