TN:
SF:src\app.ts
FN:11,(anonymous_8)
FN:11,(anonymous_9)
FNF:2
FNH:2
FNDA:1,(anonymous_8)
FNDA:1,(anonymous_9)
DA:1,1
DA:2,1
DA:3,1
DA:4,1
DA:5,1
DA:7,1
DA:9,1
DA:11,1
DA:12,1
DA:13,1
DA:14,1
DA:18,0
DA:22,1
DA:24,1
DA:25,1
DA:27,1
LF:16
LH:15
BRF:0
BRH:0
end_of_record
TN:
SF:src\controllers\UserController.ts
FN:10,(anonymous_8)
FN:10,(anonymous_9)
FN:26,(anonymous_10)
FN:26,(anonymous_11)
FN:35,(anonymous_12)
FN:35,(anonymous_13)
FN:44,(anonymous_14)
FN:44,(anonymous_15)
FN:53,(anonymous_16)
FN:53,(anonymous_17)
FNF:10
FNH:10
FNDA:1,(anonymous_8)
FNDA:1,(anonymous_9)
FNDA:3,(anonymous_10)
FNDA:3,(anonymous_11)
FNDA:2,(anonymous_12)
FNDA:2,(anonymous_13)
FNDA:1,(anonymous_14)
FNDA:1,(anonymous_15)
FNDA:1,(anonymous_16)
FNDA:1,(anonymous_17)
DA:2,1
DA:3,1
DA:4,1
DA:5,1
DA:6,1
DA:10,1
DA:11,1
DA:13,1
DA:20,1
DA:22,0
DA:26,3
DA:27,3
DA:28,3
DA:29,2
DA:31,1
DA:35,2
DA:36,2
DA:37,2
DA:38,1
DA:40,1
DA:44,1
DA:45,1
DA:46,1
DA:47,1
DA:49,0
DA:53,1
DA:54,1
DA:55,1
DA:56,1
DA:58,0
DA:63,1
LF:31
LH:28
BRDA:15,0,0,0
BRDA:15,0,1,1
BRDA:16,1,0,0
BRDA:16,1,1,1
BRDA:17,2,0,0
BRDA:17,2,1,1
BRF:6
BRH:3
end_of_record
TN:
SF:src\database\config.js
FNF:0
FNH:0
DA:1,1
DA:3,1
LF:2
LH:2
BRDA:5,0,0,1
BRDA:5,0,1,0
BRDA:6,1,0,1
BRDA:6,1,1,0
BRF:4
BRH:2
end_of_record
TN:
SF:src\errors\BadRequestError.ts
FN:4,(anonymous_1)
FNF:1
FNH:1
FNDA:2,(anonymous_1)
DA:1,2
DA:5,2
DA:9,2
LF:3
LH:3
BRDA:4,0,0,0
BRF:1
BRH:0
end_of_record
TN:
SF:src\errors\BaseError.ts
FN:7,(anonymous_0)
FN:13,(anonymous_1)
FNF:2
FNH:2
FNDA:6,(anonymous_0)
FNDA:2,(anonymous_1)
DA:8,6
DA:9,6
DA:10,6
DA:14,2
DA:21,5
LF:5
LH:5
BRDA:7,0,0,0
BRDA:7,1,0,0
BRF:2
BRH:0
end_of_record
TN:
SF:src\errors\NotFoundError.ts
FN:4,(anonymous_1)
FNF:1
FNH:1
FNDA:4,(anonymous_1)
DA:1,4
DA:5,4
DA:9,4
LF:3
LH:3
BRDA:4,0,0,0
BRF:1
BRH:0
end_of_record
TN:
SF:src\middlewares\errorHandler.ts
FN:7,errorHandler
FN:10,(anonymous_2)
FNF:2
FNH:1
FNDA:2,errorHandler
FNDA:0,(anonymous_2)
DA:2,1
DA:3,1
DA:4,1
DA:9,2
DA:10,0
DA:11,0
DA:12,0
DA:15,2
DA:16,0
DA:18,0
DA:19,0
DA:21,0
DA:23,0
DA:26,2
DA:27,2
DA:28,2
DA:31,0
DA:32,0
DA:33,0
DA:36,0
DA:37,0
DA:40,1
LF:22
LH:9
BRDA:9,0,0,0
BRDA:9,0,1,2
BRDA:9,1,0,2
BRDA:9,1,1,2
BRDA:15,2,0,0
BRDA:15,2,1,2
BRDA:18,3,0,0
BRDA:18,3,1,0
BRDA:18,4,0,0
BRDA:18,4,1,0
BRDA:26,5,0,2
BRDA:26,5,1,0
BRDA:31,6,0,0
BRDA:31,6,1,0
BRF:14
BRH:5
end_of_record
TN:
SF:src\middlewares\notFoundHandler.ts
FN:4,notFoundHandler
FNF:1
FNH:0
FNDA:0,notFoundHandler
DA:2,1
DA:5,0
DA:6,0
DA:9,1
LF:4
LH:2
BRF:0
BRH:0
end_of_record
TN:
SF:src\middlewares\validate.ts
FN:5,(anonymous_1)
FN:6,(anonymous_2)
FN:10,(anonymous_3)
FNF:3
FNH:2
FNDA:2,(anonymous_1)
FNDA:3,(anonymous_2)
FNDA:0,(anonymous_3)
DA:3,1
DA:5,1
DA:6,2
DA:7,3
DA:9,3
DA:10,0
DA:11,0
DA:12,0
DA:15,3
LF:9
LH:6
BRDA:9,0,0,0
BRDA:9,0,1,3
BRF:2
BRH:1
end_of_record
TN:
SF:src\models\User.ts
FN:25,(anonymous_0)
FNF:1
FNH:1
FNDA:1,(anonymous_0)
DA:1,6
DA:26,1
DA:60,1
DA:64,6
LF:4
LH:4
BRF:0
BRH:0
end_of_record
TN:
SF:src\models\index.ts
FNF:0
FNH:0
DA:1,1
DA:2,1
DA:4,1
DA:6,1
DA:8,1
DA:10,1
DA:11,1
LF:7
LH:7
BRF:0
BRH:0
end_of_record
TN:
SF:src\repositories\UserRepository.ts
FN:6,(anonymous_8)
FN:10,(anonymous_10)
FN:14,(anonymous_12)
FN:18,(anonymous_14)
FN:23,(anonymous_16)
FN:29,(anonymous_18)
FNF:6
FNH:6
FNDA:1,(anonymous_8)
FNDA:1,(anonymous_10)
FNDA:4,(anonymous_12)
FNDA:2,(anonymous_14)
FNDA:1,(anonymous_16)
FNDA:1,(anonymous_18)
DA:1,6
DA:7,1
DA:11,1
DA:15,4
DA:19,2
DA:24,1
DA:30,1
DA:36,6
LF:8
LH:8
BRF:0
BRH:0
end_of_record
TN:
SF:src\routes\index.ts
FN:4,(anonymous_1)
FN:5,(anonymous_2)
FNF:2
FNH:1
FNDA:1,(anonymous_1)
FNDA:0,(anonymous_2)
DA:1,1
DA:2,1
DA:4,1
DA:5,1
DA:6,0
DA:9,1
DA:12,1
LF:7
LH:6
BRF:0
BRH:0
end_of_record
TN:
SF:src\routes\userRoutes.ts
FNF:0
FNH:0
DA:1,1
DA:2,1
DA:3,1
DA:4,1
DA:6,1
DA:8,1
DA:15,1
LF:7
LH:7
BRF:0
BRH:0
end_of_record
TN:
SF:src\schemas\userSchema.ts
FN:25,(anonymous_1)
FNF:1
FNH:1
FNDA:3,(anonymous_1)
DA:1,1
DA:3,1
DA:23,1
DA:25,3
LF:4
LH:4
BRF:0
BRH:0
end_of_record
TN:
SF:src\use-cases\users\Create.ts
FN:6,(anonymous_8)
FNF:1
FNH:1
FNDA:4,(anonymous_8)
DA:1,2
DA:2,2
DA:7,4
DA:9,4
DA:10,2
DA:13,2
DA:15,2
DA:19,2
LF:8
LH:8
BRDA:9,0,0,2
BRDA:9,0,1,2
BRF:2
BRH:2
end_of_record
TN:
SF:src\use-cases\users\Delete.ts
FN:5,(anonymous_8)
FNF:1
FNH:1
FNDA:3,(anonymous_8)
DA:1,2
DA:2,2
DA:6,3
DA:8,3
DA:9,1
DA:12,2
DA:16,2
LF:7
LH:7
BRDA:8,0,0,1
BRDA:8,0,1,2
BRF:2
BRH:2
end_of_record
TN:
SF:src\use-cases\users\GetById.ts
FN:5,(anonymous_8)
FNF:1
FNH:1
FNDA:5,(anonymous_8)
DA:1,2
DA:2,2
DA:6,5
DA:8,5
DA:9,2
DA:12,3
DA:16,2
LF:7
LH:7
BRDA:8,0,0,2
BRDA:8,0,1,3
BRF:2
BRH:2
end_of_record
TN:
SF:src\use-cases\users\List.ts
FN:18,(anonymous_8)
FN:18,(anonymous_9)
FNF:2
FNH:2
FNDA:6,(anonymous_8)
FNDA:6,(anonymous_9)
DA:1,2
DA:2,2
DA:18,6
DA:19,6
DA:21,6
DA:23,6
DA:24,6
DA:25,6
DA:27,6
DA:28,2
DA:29,2
DA:30,2
DA:33,6
DA:34,6
DA:36,6
DA:43,6
DA:45,6
DA:57,2
LF:18
LH:18
BRDA:18,0,0,5
BRDA:18,1,0,5
BRDA:18,2,0,4
BRDA:23,3,0,1
BRDA:23,3,1,5
BRDA:24,4,0,1
BRDA:24,4,1,5
BRDA:25,5,0,1
BRDA:25,5,1,5
BRDA:27,6,0,2
BRDA:27,6,1,4
BRDA:27,7,0,6
BRDA:27,7,1,5
BRDA:29,8,0,1
BRDA:29,8,1,1
BRDA:30,9,0,1
BRDA:30,9,1,1
BRDA:34,10,0,5
BRDA:34,10,1,1
BRF:19
BRH:19
end_of_record
TN:
SF:src\use-cases\users\Update.ts
FN:6,(anonymous_8)
FNF:1
FNH:1
FNDA:3,(anonymous_8)
DA:1,2
DA:2,2
DA:7,3
DA:9,3
DA:10,1
DA:13,2
DA:15,2
DA:19,2
LF:8
LH:8
BRDA:9,0,0,1
BRDA:9,0,1,2
BRF:2
BRH:2
end_of_record
